<?xml version="1.0" encoding="UTF-8"?>
<coverage generated="1644491197792" clover="3.2.0">
  <project timestamp="1644491197792" name="All files">
    <metrics statements="70" coveredstatements="43" conditionals="119" coveredconditionals="74" methods="46" coveredmethods="19" elements="235" coveredelements="136" complexity="0" loc="70" ncloc="70" packages="2" files="4" classes="4"/>
    <package name="context">
      <metrics statements="40" coveredstatements="22" conditionals="53" coveredconditionals="28" methods="29" coveredmethods="11"/>
      <file name="AuthContext.js" path="/home/ben/gitProjects/scramble/frontend/src/context/AuthContext.js">
        <metrics statements="29" coveredstatements="11" conditionals="10" coveredconditionals="0" methods="19" coveredmethods="3"/>
        <line num="1" count="2" type="stmt"/>
        <line num="2" count="2" type="stmt"/>
        <line num="4" count="2" type="stmt"/>
        <line num="5" count="0" type="cond" truecount="0" falsecount="4"/>
        <line num="7" count="0" type="stmt"/>
        <line num="10" count="0" type="stmt"/>
        <line num="15" count="0" type="stmt"/>
        <line num="19" count="2" type="stmt"/>
        <line num="20" count="6" type="stmt"/>
        <line num="21" count="0" type="stmt"/>
        <line num="28" count="0" type="stmt"/>
        <line num="30" count="0" type="stmt"/>
        <line num="31" count="0" type="stmt"/>
        <line num="36" count="0" type="cond" truecount="0" falsecount="3"/>
        <line num="37" count="0" type="stmt"/>
        <line num="41" count="0" type="stmt"/>
        <line num="45" count="0" type="stmt"/>
        <line num="49" count="2" type="stmt"/>
        <line num="50" count="6" type="stmt"/>
        <line num="51" count="0" type="stmt"/>
        <line num="56" count="0" type="cond" truecount="0" falsecount="3"/>
        <line num="57" count="0" type="stmt"/>
        <line num="61" count="0" type="stmt"/>
        <line num="65" count="0" type="stmt"/>
        <line num="69" count="2" type="stmt"/>
        <line num="70" count="6" type="stmt"/>
        <line num="71" count="0" type="stmt"/>
        <line num="75" count="2" type="stmt"/>
        <line num="78" count="2" type="stmt"/>
      </file>
      <file name="createDataContext.js" path="/home/ben/gitProjects/scramble/frontend/src/context/createDataContext.js">
        <metrics statements="11" coveredstatements="11" conditionals="43" coveredconditionals="28" methods="10" coveredmethods="8"/>
        <line num="1" count="56" type="cond" truecount="28" falsecount="15"/>
        <line num="3" count="2" type="stmt"/>
        <line num="4" count="2" type="stmt"/>
        <line num="6" count="8" type="stmt"/>
        <line num="7" count="6" type="stmt"/>
        <line num="9" count="6" type="stmt"/>
        <line num="11" count="6" type="stmt"/>
        <line num="12" count="18" type="stmt"/>
        <line num="15" count="6" type="stmt"/>
        <line num="22" count="2" type="stmt"/>
        <line num="23" count="2" type="stmt"/>
      </file>
    </package>
    <package name="pages">
      <metrics statements="30" coveredstatements="21" conditionals="66" coveredconditionals="46" methods="17" coveredmethods="8"/>
      <file name="LoginScreen.js" path="/home/ben/gitProjects/scramble/frontend/src/pages/LoginScreen.js">
        <metrics statements="14" coveredstatements="10" conditionals="33" coveredconditionals="23" methods="8" coveredmethods="4"/>
        <line num="1" count="1" type="stmt"/>
        <line num="2" count="1" type="stmt"/>
        <line num="3" count="28" type="cond" truecount="23" falsecount="10"/>
        <line num="5" count="3" type="stmt"/>
        <line num="6" count="2" type="stmt"/>
        <line num="7" count="2" type="stmt"/>
        <line num="8" count="2" type="stmt"/>
        <line num="10" count="2" type="stmt"/>
        <line num="17" count="0" type="stmt"/>
        <line num="25" count="0" type="stmt"/>
        <line num="29" count="0" type="stmt"/>
        <line num="32" count="0" type="stmt"/>
        <line num="39" count="1" type="stmt"/>
        <line num="58" count="1" type="stmt"/>
      </file>
      <file name="SignupScreen.js" path="/home/ben/gitProjects/scramble/frontend/src/pages/SignupScreen.js">
        <metrics statements="16" coveredstatements="11" conditionals="33" coveredconditionals="23" methods="9" coveredmethods="4"/>
        <line num="1" count="1" type="stmt"/>
        <line num="2" count="1" type="stmt"/>
        <line num="3" count="28" type="cond" truecount="23" falsecount="10"/>
        <line num="5" count="3" type="stmt"/>
        <line num="6" count="2" type="stmt"/>
        <line num="7" count="2" type="stmt"/>
        <line num="8" count="2" type="stmt"/>
        <line num="9" count="2" type="stmt"/>
        <line num="11" count="2" type="stmt"/>
        <line num="18" count="0" type="stmt"/>
        <line num="25" count="0" type="stmt"/>
        <line num="33" count="0" type="stmt"/>
        <line num="37" count="0" type="stmt"/>
        <line num="40" count="0" type="stmt"/>
        <line num="47" count="1" type="stmt"/>
        <line num="66" count="1" type="stmt"/>
      </file>
    </package>
  </project>
</coverage>
