{"/home/ben/gitProjects/scramble/frontend/src/context/AuthContext.js": {"path":"/home/ben/gitProjects/scramble/frontend/src/context/AuthContext.js","statementMap":{"0":{"start":{"line":1,"column":42},"end":{"line":1,"column":97}},"1":{"start":{"line":1,"column":98},"end":{"line":1,"column":160}},"2":{"start":{"line":1,"column":160},"end":{"line":1,"column":204}},"3":{"start":{"line":1,"column":223},"end":{"line":1,"column":284}},"4":{"start":{"line":1,"column":310},"end":{"line":1,"column":384}},"5":{"start":{"line":1,"column":411},"end":{"line":1,"column":465}},"6":{"start":{"line":2,"column":13},"end":{"line":2,"column":53}},"7":{"start":{"line":4,"column":18},"end":{"line":17,"column":1}},"8":{"start":{"line":5,"column":2},"end":{"line":15,"column":20}},"9":{"start":{"line":7,"column":6},"end":{"line":7,"column":41}},"10":{"start":{"line":10,"column":6},"end":{"line":12,"column":40}},"11":{"start":{"line":15,"column":6},"end":{"line":15,"column":19}},"12":{"start":{"line":19,"column":13},"end":{"line":47,"column":1}},"13":{"start":{"line":20,"column":2},"end":{"line":46,"column":4}},"14":{"start":{"line":20,"column":41},"end":{"line":20,"column":54}},"15":{"start":{"line":20,"column":63},"end":{"line":20,"column":73}},"16":{"start":{"line":20,"column":85},"end":{"line":20,"column":98}},"17":{"start":{"line":21,"column":4},"end":{"line":30,"column":47}},"18":{"start":{"line":28,"column":6},"end":{"line":28,"column":28}},"19":{"start":{"line":30,"column":20},"end":{"line":30,"column":44}},"20":{"start":{"line":31,"column":4},"end":{"line":45,"column":47}},"21":{"start":{"line":36,"column":34},"end":{"line":41,"column":109}},"22":{"start":{"line":36,"column":121},"end":{"line":41,"column":106}},"23":{"start":{"line":36,"column":186},"end":{"line":41,"column":94}},"24":{"start":{"line":36,"column":197},"end":{"line":41,"column":93}},"25":{"start":{"line":37,"column":16},"end":{"line":41,"column":51}},"26":{"start":{"line":41,"column":69},"end":{"line":41,"column":92}},"27":{"start":{"line":41,"column":110},"end":{"line":41,"column":170}},"28":{"start":{"line":41,"column":132},"end":{"line":41,"column":168}},"29":{"start":{"line":45,"column":20},"end":{"line":45,"column":44}},"30":{"start":{"line":49,"column":13},"end":{"line":67,"column":1}},"31":{"start":{"line":50,"column":2},"end":{"line":66,"column":4}},"32":{"start":{"line":50,"column":39},"end":{"line":50,"column":50}},"33":{"start":{"line":50,"column":62},"end":{"line":50,"column":76}},"34":{"start":{"line":51,"column":4},"end":{"line":65,"column":47}},"35":{"start":{"line":56,"column":34},"end":{"line":61,"column":111}},"36":{"start":{"line":56,"column":122},"end":{"line":61,"column":108}},"37":{"start":{"line":56,"column":189},"end":{"line":61,"column":95}},"38":{"start":{"line":56,"column":200},"end":{"line":61,"column":94}},"39":{"start":{"line":57,"column":16},"end":{"line":61,"column":51}},"40":{"start":{"line":61,"column":69},"end":{"line":61,"column":93}},"41":{"start":{"line":61,"column":112},"end":{"line":61,"column":173}},"42":{"start":{"line":61,"column":135},"end":{"line":61,"column":171}},"43":{"start":{"line":65,"column":20},"end":{"line":65,"column":44}},"44":{"start":{"line":69,"column":14},"end":{"line":73,"column":1}},"45":{"start":{"line":70,"column":2},"end":{"line":72,"column":4}},"46":{"start":{"line":71,"column":4},"end":{"line":71,"column":34}},"47":{"start":{"line":75,"column":25},"end":{"line":78,"column":28}},"48":{"start":{"line":78,"column":40},"end":{"line":78,"column":67}},"49":{"start":{"line":78,"column":78},"end":{"line":78,"column":104}},"50":{"start":{"line":78,"column":105},"end":{"line":78,"column":131}},"51":{"start":{"line":78,"column":131},"end":{"line":78,"column":159}}},"fnMap":{"0":{"name":"authReducer","decl":{"start":{"line":4,"column":27},"end":{"line":4,"column":38}},"loc":{"start":{"line":4,"column":54},"end":{"line":17,"column":1}},"line":4},"1":{"name":"signup","decl":{"start":{"line":19,"column":22},"end":{"line":19,"column":28}},"loc":{"start":{"line":19,"column":39},"end":{"line":47,"column":1}},"line":19},"2":{"name":"(anonymous_2)","decl":{"start":{"line":20,"column":9},"end":{"line":20,"column":10}},"loc":{"start":{"line":20,"column":25},"end":{"line":46,"column":3}},"line":20},"3":{"name":"(anonymous_3)","decl":{"start":{"line":27,"column":9},"end":{"line":27,"column":10}},"loc":{"start":{"line":27,"column":24},"end":{"line":29,"column":5}},"line":27},"4":{"name":"(anonymous_4)","decl":{"start":{"line":30,"column":4},"end":{"line":30,"column":5}},"loc":{"start":{"line":30,"column":19},"end":{"line":30,"column":45}},"line":30},"5":{"name":"(anonymous_5)","decl":{"start":{"line":36,"column":9},"end":{"line":36,"column":10}},"loc":{"start":{"line":36,"column":21},"end":{"line":41,"column":171}},"line":36},"6":{"name":"_callee","decl":{"start":{"line":36,"column":107},"end":{"line":36,"column":114}},"loc":{"start":{"line":36,"column":120},"end":{"line":41,"column":107}},"line":36},"7":{"name":"_callee$","decl":{"start":{"line":36,"column":166},"end":{"line":36,"column":174}},"loc":{"start":{"line":36,"column":185},"end":{"line":41,"column":95}},"line":36},"8":{"name":"(anonymous_8)","decl":{"start":{"line":41,"column":117},"end":{"line":41,"column":118}},"loc":{"start":{"line":41,"column":131},"end":{"line":41,"column":169}},"line":41},"9":{"name":"(anonymous_9)","decl":{"start":{"line":45,"column":4},"end":{"line":45,"column":5}},"loc":{"start":{"line":45,"column":19},"end":{"line":45,"column":45}},"line":45},"10":{"name":"signin","decl":{"start":{"line":49,"column":22},"end":{"line":49,"column":28}},"loc":{"start":{"line":49,"column":39},"end":{"line":67,"column":1}},"line":49},"11":{"name":"(anonymous_11)","decl":{"start":{"line":50,"column":9},"end":{"line":50,"column":10}},"loc":{"start":{"line":50,"column":26},"end":{"line":66,"column":3}},"line":50},"12":{"name":"(anonymous_12)","decl":{"start":{"line":56,"column":9},"end":{"line":56,"column":10}},"loc":{"start":{"line":56,"column":21},"end":{"line":61,"column":174}},"line":56},"13":{"name":"_callee2","decl":{"start":{"line":56,"column":107},"end":{"line":56,"column":115}},"loc":{"start":{"line":56,"column":121},"end":{"line":61,"column":109}},"line":56},"14":{"name":"_callee2$","decl":{"start":{"line":56,"column":167},"end":{"line":56,"column":176}},"loc":{"start":{"line":56,"column":188},"end":{"line":61,"column":96}},"line":56},"15":{"name":"(anonymous_15)","decl":{"start":{"line":61,"column":119},"end":{"line":61,"column":120}},"loc":{"start":{"line":61,"column":134},"end":{"line":61,"column":172}},"line":61},"16":{"name":"(anonymous_16)","decl":{"start":{"line":65,"column":4},"end":{"line":65,"column":5}},"loc":{"start":{"line":65,"column":19},"end":{"line":65,"column":45}},"line":65},"17":{"name":"signout","decl":{"start":{"line":69,"column":23},"end":{"line":69,"column":30}},"loc":{"start":{"line":69,"column":41},"end":{"line":73,"column":1}},"line":69},"18":{"name":"(anonymous_18)","decl":{"start":{"line":70,"column":9},"end":{"line":70,"column":10}},"loc":{"start":{"line":70,"column":21},"end":{"line":72,"column":3}},"line":70}},"branchMap":{"0":{"loc":{"start":{"line":5,"column":2},"end":{"line":15,"column":20}},"type":"switch","locations":[{"start":{"line":6,"column":4},"end":{"line":7,"column":41}},{"start":{"line":8,"column":4},"end":{"line":8,"column":18}},{"start":{"line":9,"column":4},"end":{"line":12,"column":40}},{"start":{"line":14,"column":4},"end":{"line":15,"column":19}}],"line":5},"1":{"loc":{"start":{"line":36,"column":197},"end":{"line":41,"column":93}},"type":"switch","locations":[{"start":{"line":36,"column":237},"end":{"line":41,"column":51}},{"start":{"line":41,"column":51},"end":{"line":41,"column":58}},{"start":{"line":41,"column":58},"end":{"line":41,"column":92}}],"line":36},"2":{"loc":{"start":{"line":56,"column":200},"end":{"line":61,"column":94}},"type":"switch","locations":[{"start":{"line":56,"column":242},"end":{"line":61,"column":51}},{"start":{"line":61,"column":51},"end":{"line":61,"column":58}},{"start":{"line":61,"column":58},"end":{"line":61,"column":93}}],"line":56}},"s":{"0":1,"1":1,"2":1,"3":1,"4":1,"5":1,"6":1,"7":1,"8":0,"9":0,"10":0,"11":0,"12":1,"13":3,"14":0,"15":0,"16":0,"17":0,"18":0,"19":0,"20":0,"21":0,"22":0,"23":0,"24":0,"25":0,"26":0,"27":0,"28":0,"29":0,"30":1,"31":3,"32":0,"33":0,"34":0,"35":0,"36":0,"37":0,"38":0,"39":0,"40":0,"41":0,"42":0,"43":0,"44":1,"45":3,"46":0,"47":1,"48":1,"49":1,"50":1,"51":1},"f":{"0":0,"1":3,"2":0,"3":0,"4":0,"5":0,"6":0,"7":0,"8":0,"9":0,"10":3,"11":0,"12":0,"13":0,"14":0,"15":0,"16":0,"17":3,"18":0},"b":{"0":[0,0,0,0],"1":[0,0,0],"2":[0,0,0]},"inputSourceMap":null,"_coverageSchema":"1a1c01bbd47fc00a2c39e90264f33305004495a9","hash":"e828a2f300f1dfa9941022a6632481ed035ba2b6"}
,"/home/ben/gitProjects/scramble/frontend/src/context/createDataContext.js": {"path":"/home/ben/gitProjects/scramble/frontend/src/context/createDataContext.js","statementMap":{"0":{"start":{"line":1,"column":42},"end":{"line":1,"column":97}},"1":{"start":{"line":1,"column":112},"end":{"line":1,"column":152}},"2":{"start":{"line":1,"column":153},"end":{"line":1,"column":215}},"3":{"start":{"line":1,"column":215},"end":{"line":1,"column":243}},"4":{"start":{"line":1,"column":266},"end":{"line":1,"column":338}},"5":{"start":{"line":1,"column":361},"end":{"line":1,"column":432}},"6":{"start":{"line":1,"column":446},"end":{"line":1,"column":487}},"7":{"start":{"line":1,"column":500},"end":{"line":1,"column":504}},"8":{"start":{"line":1,"column":520},"end":{"line":1,"column":594}},"9":{"start":{"line":1,"column":643},"end":{"line":1,"column":690}},"10":{"start":{"line":1,"column":678},"end":{"line":1,"column":690}},"11":{"start":{"line":1,"column":714},"end":{"line":1,"column":727}},"12":{"start":{"line":1,"column":751},"end":{"line":1,"column":764}},"13":{"start":{"line":1,"column":765},"end":{"line":1,"column":922}},"14":{"start":{"line":1,"column":848},"end":{"line":1,"column":906}},"15":{"start":{"line":1,"column":975},"end":{"line":1,"column":1031}},"16":{"start":{"line":1,"column":1019},"end":{"line":1,"column":1030}},"17":{"start":{"line":1,"column":1031},"end":{"line":1,"column":1135}},"18":{"start":{"line":1,"column":1108},"end":{"line":1,"column":1134}},"19":{"start":{"line":1,"column":1147},"end":{"line":1,"column":1184}},"20":{"start":{"line":1,"column":1185},"end":{"line":1,"column":1238}},"21":{"start":{"line":1,"column":1215},"end":{"line":1,"column":1237}},"22":{"start":{"line":1,"column":1251},"end":{"line":1,"column":1253}},"23":{"start":{"line":1,"column":1282},"end":{"line":1,"column":1338}},"24":{"start":{"line":1,"column":1339},"end":{"line":1,"column":1631}},"25":{"start":{"line":1,"column":1361},"end":{"line":1,"column":1630}},"26":{"start":{"line":1,"column":1446},"end":{"line":1,"column":1518}},"27":{"start":{"line":1,"column":1519},"end":{"line":1,"column":1629}},"28":{"start":{"line":1,"column":1556},"end":{"line":1,"column":1597}},"29":{"start":{"line":1,"column":1605},"end":{"line":1,"column":1628}},"30":{"start":{"line":1,"column":1631},"end":{"line":1,"column":1655}},"31":{"start":{"line":1,"column":1655},"end":{"line":1,"column":1691}},"32":{"start":{"line":1,"column":1667},"end":{"line":1,"column":1690}},"33":{"start":{"line":1,"column":1691},"end":{"line":1,"column":1705}},"34":{"start":{"line":1,"column":1759},"end":{"line":1,"column":1778}},"35":{"start":{"line":1,"column":1779},"end":{"line":1,"column":2025}},"36":{"start":{"line":1,"column":1828},"end":{"line":1,"column":1864}},"37":{"start":{"line":1,"column":1865},"end":{"line":1,"column":2024}},"38":{"start":{"line":1,"column":1925},"end":{"line":1,"column":1988}},"39":{"start":{"line":1,"column":2025},"end":{"line":1,"column":2037}},"40":{"start":{"line":1,"column":2070},"end":{"line":1,"column":2536}},"41":{"start":{"line":1,"column":2083},"end":{"line":1,"column":2084}},"42":{"start":{"line":1,"column":2127},"end":{"line":1,"column":2167}},"43":{"start":{"line":1,"column":2168},"end":{"line":1,"column":2535}},"44":{"start":{"line":1,"column":2228},"end":{"line":1,"column":2287}},"45":{"start":{"line":1,"column":2451},"end":{"line":1,"column":2532}},"46":{"start":{"line":1,"column":2536},"end":{"line":1,"column":2550}},"47":{"start":{"line":3,"column":0},"end":{"line":23,"column":1}},"48":{"start":{"line":4,"column":16},"end":{"line":4,"column":49}},"49":{"start":{"line":6,"column":17},"end":{"line":20,"column":3}},"50":{"start":{"line":6,"column":57},"end":{"line":6,"column":70}},"51":{"start":{"line":7,"column":22},"end":{"line":7,"column":67}},"52":{"start":{"line":7,"column":83},"end":{"line":7,"column":130}},"53":{"start":{"line":7,"column":139},"end":{"line":7,"column":154}},"54":{"start":{"line":7,"column":166},"end":{"line":7,"column":181}},"55":{"start":{"line":9,"column":23},"end":{"line":9,"column":25}},"56":{"start":{"line":11,"column":4},"end":{"line":13,"column":5}},"57":{"start":{"line":12,"column":6},"end":{"line":12,"column":48}},"58":{"start":{"line":15,"column":4},"end":{"line":17,"column":17}},"59":{"start":{"line":22,"column":2},"end":{"line":22,"column":50}},"60":{"start":{"line":23,"column":2},"end":{"line":23,"column":32}}},"fnMap":{"0":{"name":"_getRequireWildcardCache","decl":{"start":{"line":1,"column":604},"end":{"line":1,"column":628}},"loc":{"start":{"line":1,"column":642},"end":{"line":1,"column":923}},"line":1},"1":{"name":"_getRequireWildcardCache","decl":{"start":{"line":1,"column":809},"end":{"line":1,"column":833}},"loc":{"start":{"line":1,"column":847},"end":{"line":1,"column":907}},"line":1},"2":{"name":"_interopRequireWildcard","decl":{"start":{"line":1,"column":932},"end":{"line":1,"column":955}},"loc":{"start":{"line":1,"column":974},"end":{"line":1,"column":1706}},"line":1},"3":{"name":"ownKeys","decl":{"start":{"line":1,"column":1715},"end":{"line":1,"column":1722}},"loc":{"start":{"line":1,"column":1747},"end":{"line":1,"column":2038}},"line":1},"4":{"name":"(anonymous_4)","decl":{"start":{"line":1,"column":1909},"end":{"line":1,"column":1910}},"loc":{"start":{"line":1,"column":1924},"end":{"line":1,"column":1989}},"line":1},"5":{"name":"_objectSpread","decl":{"start":{"line":1,"column":2047},"end":{"line":1,"column":2060}},"loc":{"start":{"line":1,"column":2069},"end":{"line":1,"column":2551}},"line":1},"6":{"name":"(anonymous_6)","decl":{"start":{"line":1,"column":2212},"end":{"line":1,"column":2213}},"loc":{"start":{"line":1,"column":2227},"end":{"line":1,"column":2288}},"line":1},"7":{"name":"(anonymous_7)","decl":{"start":{"line":1,"column":2435},"end":{"line":1,"column":2436}},"loc":{"start":{"line":1,"column":2450},"end":{"line":1,"column":2533}},"line":1},"8":{"name":"_default","decl":{"start":{"line":3,"column":9},"end":{"line":3,"column":17}},"loc":{"start":{"line":3,"column":49},"end":{"line":23,"column":1}},"line":3},"9":{"name":"Provider","decl":{"start":{"line":6,"column":26},"end":{"line":6,"column":34}},"loc":{"start":{"line":6,"column":41},"end":{"line":20,"column":3}},"line":6}},"branchMap":{"0":{"loc":{"start":{"line":1,"column":643},"end":{"line":1,"column":690}},"type":"if","locations":[{"start":{"line":1,"column":643},"end":{"line":1,"column":690}},{"start":{},"end":{}}],"line":1},"1":{"loc":{"start":{"line":1,"column":855},"end":{"line":1,"column":905}},"type":"cond-expr","locations":[{"start":{"line":1,"column":869},"end":{"line":1,"column":885}},{"start":{"line":1,"column":888},"end":{"line":1,"column":905}}],"line":1},"2":{"loc":{"start":{"line":1,"column":975},"end":{"line":1,"column":1031}},"type":"if","locations":[{"start":{"line":1,"column":975},"end":{"line":1,"column":1031}},{"start":{},"end":{}}],"line":1},"3":{"loc":{"start":{"line":1,"column":979},"end":{"line":1,"column":1016}},"type":"binary-expr","locations":[{"start":{"line":1,"column":979},"end":{"line":1,"column":991}},{"start":{"line":1,"column":995},"end":{"line":1,"column":998}},{"start":{"line":1,"column":1002},"end":{"line":1,"column":1016}}],"line":1},"4":{"loc":{"start":{"line":1,"column":1031},"end":{"line":1,"column":1135}},"type":"if","locations":[{"start":{"line":1,"column":1031},"end":{"line":1,"column":1135}},{"start":{},"end":{}}],"line":1},"5":{"loc":{"start":{"line":1,"column":1035},"end":{"line":1,"column":1105}},"type":"binary-expr","locations":[{"start":{"line":1,"column":1035},"end":{"line":1,"column":1047}},{"start":{"line":1,"column":1051},"end":{"line":1,"column":1076}},{"start":{"line":1,"column":1080},"end":{"line":1,"column":1105}}],"line":1},"6":{"loc":{"start":{"line":1,"column":1185},"end":{"line":1,"column":1238}},"type":"if","locations":[{"start":{"line":1,"column":1185},"end":{"line":1,"column":1238}},{"start":{},"end":{}}],"line":1},"7":{"loc":{"start":{"line":1,"column":1189},"end":{"line":1,"column":1212}},"type":"binary-expr","locations":[{"start":{"line":1,"column":1189},"end":{"line":1,"column":1194}},{"start":{"line":1,"column":1198},"end":{"line":1,"column":1212}}],"line":1},"8":{"loc":{"start":{"line":1,"column":1282},"end":{"line":1,"column":1338}},"type":"binary-expr","locations":[{"start":{"line":1,"column":1282},"end":{"line":1,"column":1303}},{"start":{"line":1,"column":1307},"end":{"line":1,"column":1338}}],"line":1},"9":{"loc":{"start":{"line":1,"column":1361},"end":{"line":1,"column":1630}},"type":"if","locations":[{"start":{"line":1,"column":1361},"end":{"line":1,"column":1630}},{"start":{},"end":{}}],"line":1},"10":{"loc":{"start":{"line":1,"column":1365},"end":{"line":1,"column":1432}},"type":"binary-expr","locations":[{"start":{"line":1,"column":1365},"end":{"line":1,"column":1382}},{"start":{"line":1,"column":1386},"end":{"line":1,"column":1432}}],"line":1},"11":{"loc":{"start":{"line":1,"column":1446},"end":{"line":1,"column":1518}},"type":"cond-expr","locations":[{"start":{"line":1,"column":1470},"end":{"line":1,"column":1511}},{"start":{"line":1,"column":1514},"end":{"line":1,"column":1518}}],"line":1},"12":{"loc":{"start":{"line":1,"column":1519},"end":{"line":1,"column":1629}},"type":"if","locations":[{"start":{"line":1,"column":1519},"end":{"line":1,"column":1629}},{"start":{"line":1,"column":1604},"end":{"line":1,"column":1629}}],"line":1},"13":{"loc":{"start":{"line":1,"column":1523},"end":{"line":1,"column":1553}},"type":"binary-expr","locations":[{"start":{"line":1,"column":1523},"end":{"line":1,"column":1527}},{"start":{"line":1,"column":1532},"end":{"line":1,"column":1540}},{"start":{"line":1,"column":1544},"end":{"line":1,"column":1552}}],"line":1},"14":{"loc":{"start":{"line":1,"column":1655},"end":{"line":1,"column":1691}},"type":"if","locations":[{"start":{"line":1,"column":1655},"end":{"line":1,"column":1691}},{"start":{},"end":{}}],"line":1},"15":{"loc":{"start":{"line":1,"column":1779},"end":{"line":1,"column":2025}},"type":"if","locations":[{"start":{"line":1,"column":1779},"end":{"line":1,"column":2025}},{"start":{},"end":{}}],"line":1},"16":{"loc":{"start":{"line":1,"column":1865},"end":{"line":1,"column":1991}},"type":"binary-expr","locations":[{"start":{"line":1,"column":1865},"end":{"line":1,"column":1879}},{"start":{"line":1,"column":1884},"end":{"line":1,"column":1990}}],"line":1},"17":{"loc":{"start":{"line":1,"column":2127},"end":{"line":1,"column":2167}},"type":"cond-expr","locations":[{"start":{"line":1,"column":2150},"end":{"line":1,"column":2162}},{"start":{"line":1,"column":2165},"end":{"line":1,"column":2167}}],"line":1},"18":{"loc":{"start":{"line":1,"column":2168},"end":{"line":1,"column":2534}},"type":"cond-expr","locations":[{"start":{"line":1,"column":2176},"end":{"line":1,"column":2289}},{"start":{"line":1,"column":2292},"end":{"line":1,"column":2534}}],"line":1},"19":{"loc":{"start":{"line":1,"column":2292},"end":{"line":1,"column":2534}},"type":"cond-expr","locations":[{"start":{"line":1,"column":2327},"end":{"line":1,"column":2400}},{"start":{"line":1,"column":2403},"end":{"line":1,"column":2534}}],"line":1}},"s":{"0":1,"1":1,"2":1,"3":1,"4":1,"5":1,"6":1,"7":1,"8":1,"9":1,"10":0,"11":1,"12":1,"13":1,"14":1,"15":1,"16":0,"17":1,"18":0,"19":1,"20":1,"21":0,"22":1,"23":1,"24":1,"25":28,"26":28,"27":28,"28":0,"29":28,"30":1,"31":1,"32":1,"33":1,"34":3,"35":3,"36":3,"37":3,"38":0,"39":3,"40":3,"41":3,"42":3,"43":3,"44":9,"45":0,"46":3,"47":1,"48":1,"49":1,"50":4,"51":3,"52":3,"53":3,"54":3,"55":3,"56":3,"57":9,"58":3,"59":1,"60":1},"f":{"0":1,"1":1,"2":1,"3":3,"4":0,"5":3,"6":9,"7":0,"8":1,"9":4},"b":{"0":[0,1],"1":[0,1],"2":[0,1],"3":[1,1,1],"4":[0,1],"5":[1,1,0],"6":[0,1],"7":[1,1],"8":[1,1],"9":[28,0],"10":[28,28],"11":[28,0],"12":[0,28],"13":[28,28,28],"14":[1,0],"15":[3,0],"16":[3,3],"17":[3,0],"18":[3,0],"19":[0,0]},"inputSourceMap":null,"_coverageSchema":"1a1c01bbd47fc00a2c39e90264f33305004495a9","hash":"b8825f90eac9a0fab422d770742af82c8b4f9450"}
,"/home/ben/gitProjects/scramble/frontend/src/pages/SignupScreen.js": {"path":"/home/ben/gitProjects/scramble/frontend/src/pages/SignupScreen.js","statementMap":{"0":{"start":{"line":1,"column":42},"end":{"line":1,"column":97}},"1":{"start":{"line":1,"column":112},"end":{"line":1,"column":152}},"2":{"start":{"line":1,"column":153},"end":{"line":1,"column":215}},"3":{"start":{"line":1,"column":215},"end":{"line":1,"column":243}},"4":{"start":{"line":1,"column":265},"end":{"line":1,"column":336}},"5":{"start":{"line":1,"column":350},"end":{"line":1,"column":391}},"6":{"start":{"line":2,"column":19},"end":{"line":2,"column":42}},"7":{"start":{"line":3,"column":19},"end":{"line":3,"column":52}},"8":{"start":{"line":3,"column":65},"end":{"line":3,"column":69}},"9":{"start":{"line":3,"column":85},"end":{"line":3,"column":152}},"10":{"start":{"line":3,"column":201},"end":{"line":3,"column":248}},"11":{"start":{"line":3,"column":236},"end":{"line":3,"column":248}},"12":{"start":{"line":3,"column":272},"end":{"line":3,"column":285}},"13":{"start":{"line":3,"column":309},"end":{"line":3,"column":322}},"14":{"start":{"line":3,"column":323},"end":{"line":3,"column":480}},"15":{"start":{"line":3,"column":406},"end":{"line":3,"column":464}},"16":{"start":{"line":3,"column":533},"end":{"line":3,"column":589}},"17":{"start":{"line":3,"column":577},"end":{"line":3,"column":588}},"18":{"start":{"line":3,"column":589},"end":{"line":3,"column":693}},"19":{"start":{"line":3,"column":666},"end":{"line":3,"column":692}},"20":{"start":{"line":3,"column":705},"end":{"line":3,"column":742}},"21":{"start":{"line":3,"column":743},"end":{"line":3,"column":796}},"22":{"start":{"line":3,"column":773},"end":{"line":3,"column":795}},"23":{"start":{"line":3,"column":809},"end":{"line":3,"column":811}},"24":{"start":{"line":3,"column":840},"end":{"line":3,"column":896}},"25":{"start":{"line":3,"column":897},"end":{"line":3,"column":1189}},"26":{"start":{"line":3,"column":919},"end":{"line":3,"column":1188}},"27":{"start":{"line":3,"column":1004},"end":{"line":3,"column":1076}},"28":{"start":{"line":3,"column":1077},"end":{"line":3,"column":1187}},"29":{"start":{"line":3,"column":1114},"end":{"line":3,"column":1155}},"30":{"start":{"line":3,"column":1163},"end":{"line":3,"column":1186}},"31":{"start":{"line":3,"column":1189},"end":{"line":3,"column":1213}},"32":{"start":{"line":3,"column":1213},"end":{"line":3,"column":1249}},"33":{"start":{"line":3,"column":1225},"end":{"line":3,"column":1248}},"34":{"start":{"line":3,"column":1249},"end":{"line":3,"column":1263}},"35":{"start":{"line":5,"column":19},"end":{"line":45,"column":1}},"36":{"start":{"line":5,"column":65},"end":{"line":5,"column":80}},"37":{"start":{"line":6,"column":18},"end":{"line":6,"column":40}},"38":{"start":{"line":6,"column":54},"end":{"line":6,"column":99}},"39":{"start":{"line":6,"column":111},"end":{"line":6,"column":124}},"40":{"start":{"line":6,"column":139},"end":{"line":6,"column":152}},"41":{"start":{"line":7,"column":19},"end":{"line":7,"column":41}},"42":{"start":{"line":7,"column":55},"end":{"line":7,"column":101}},"43":{"start":{"line":7,"column":110},"end":{"line":7,"column":123}},"44":{"start":{"line":7,"column":135},"end":{"line":7,"column":148}},"45":{"start":{"line":8,"column":19},"end":{"line":8,"column":41}},"46":{"start":{"line":8,"column":55},"end":{"line":8,"column":101}},"47":{"start":{"line":8,"column":113},"end":{"line":8,"column":126}},"48":{"start":{"line":8,"column":141},"end":{"line":8,"column":154}},"49":{"start":{"line":9,"column":20},"end":{"line":9,"column":64}},"50":{"start":{"line":9,"column":73},"end":{"line":9,"column":90}},"51":{"start":{"line":9,"column":100},"end":{"line":9,"column":118}},"52":{"start":{"line":11,"column":2},"end":{"line":40,"column":204}},"53":{"start":{"line":18,"column":38},"end":{"line":18,"column":73}},"54":{"start":{"line":25,"column":38},"end":{"line":25,"column":70}},"55":{"start":{"line":33,"column":38},"end":{"line":33,"column":73}},"56":{"start":{"line":37,"column":35},"end":{"line":37,"column":107}},"57":{"start":{"line":40,"column":35},"end":{"line":40,"column":72}},"58":{"start":{"line":47,"column":13},"end":{"line":62,"column":29}},"59":{"start":{"line":66,"column":0},"end":{"line":66,"column":12}},"60":{"start":{"line":66,"column":13},"end":{"line":66,"column":43}}},"fnMap":{"0":{"name":"_getRequireWildcardCache","decl":{"start":{"line":3,"column":162},"end":{"line":3,"column":186}},"loc":{"start":{"line":3,"column":200},"end":{"line":3,"column":481}},"line":3},"1":{"name":"_getRequireWildcardCache","decl":{"start":{"line":3,"column":367},"end":{"line":3,"column":391}},"loc":{"start":{"line":3,"column":405},"end":{"line":3,"column":465}},"line":3},"2":{"name":"_interopRequireWildcard","decl":{"start":{"line":3,"column":490},"end":{"line":3,"column":513}},"loc":{"start":{"line":3,"column":532},"end":{"line":3,"column":1264}},"line":3},"3":{"name":"SignupScreen","decl":{"start":{"line":5,"column":28},"end":{"line":5,"column":40}},"loc":{"start":{"line":5,"column":47},"end":{"line":45,"column":1}},"line":5},"4":{"name":"onChange","decl":{"start":{"line":18,"column":25},"end":{"line":18,"column":33}},"loc":{"start":{"line":18,"column":37},"end":{"line":18,"column":74}},"line":18},"5":{"name":"onChange","decl":{"start":{"line":25,"column":25},"end":{"line":25,"column":33}},"loc":{"start":{"line":25,"column":37},"end":{"line":25,"column":71}},"line":25},"6":{"name":"onChange","decl":{"start":{"line":33,"column":25},"end":{"line":33,"column":33}},"loc":{"start":{"line":33,"column":37},"end":{"line":33,"column":74}},"line":33},"7":{"name":"onPress","decl":{"start":{"line":37,"column":24},"end":{"line":37,"column":31}},"loc":{"start":{"line":37,"column":34},"end":{"line":37,"column":108}},"line":37},"8":{"name":"onPress","decl":{"start":{"line":40,"column":24},"end":{"line":40,"column":31}},"loc":{"start":{"line":40,"column":34},"end":{"line":40,"column":73}},"line":40}},"branchMap":{"0":{"loc":{"start":{"line":3,"column":201},"end":{"line":3,"column":248}},"type":"if","locations":[{"start":{"line":3,"column":201},"end":{"line":3,"column":248}},{"start":{},"end":{}}],"line":3},"1":{"loc":{"start":{"line":3,"column":413},"end":{"line":3,"column":463}},"type":"cond-expr","locations":[{"start":{"line":3,"column":427},"end":{"line":3,"column":443}},{"start":{"line":3,"column":446},"end":{"line":3,"column":463}}],"line":3},"2":{"loc":{"start":{"line":3,"column":533},"end":{"line":3,"column":589}},"type":"if","locations":[{"start":{"line":3,"column":533},"end":{"line":3,"column":589}},{"start":{},"end":{}}],"line":3},"3":{"loc":{"start":{"line":3,"column":537},"end":{"line":3,"column":574}},"type":"binary-expr","locations":[{"start":{"line":3,"column":537},"end":{"line":3,"column":549}},{"start":{"line":3,"column":553},"end":{"line":3,"column":556}},{"start":{"line":3,"column":560},"end":{"line":3,"column":574}}],"line":3},"4":{"loc":{"start":{"line":3,"column":589},"end":{"line":3,"column":693}},"type":"if","locations":[{"start":{"line":3,"column":589},"end":{"line":3,"column":693}},{"start":{},"end":{}}],"line":3},"5":{"loc":{"start":{"line":3,"column":593},"end":{"line":3,"column":663}},"type":"binary-expr","locations":[{"start":{"line":3,"column":593},"end":{"line":3,"column":605}},{"start":{"line":3,"column":609},"end":{"line":3,"column":634}},{"start":{"line":3,"column":638},"end":{"line":3,"column":663}}],"line":3},"6":{"loc":{"start":{"line":3,"column":743},"end":{"line":3,"column":796}},"type":"if","locations":[{"start":{"line":3,"column":743},"end":{"line":3,"column":796}},{"start":{},"end":{}}],"line":3},"7":{"loc":{"start":{"line":3,"column":747},"end":{"line":3,"column":770}},"type":"binary-expr","locations":[{"start":{"line":3,"column":747},"end":{"line":3,"column":752}},{"start":{"line":3,"column":756},"end":{"line":3,"column":770}}],"line":3},"8":{"loc":{"start":{"line":3,"column":840},"end":{"line":3,"column":896}},"type":"binary-expr","locations":[{"start":{"line":3,"column":840},"end":{"line":3,"column":861}},{"start":{"line":3,"column":865},"end":{"line":3,"column":896}}],"line":3},"9":{"loc":{"start":{"line":3,"column":919},"end":{"line":3,"column":1188}},"type":"if","locations":[{"start":{"line":3,"column":919},"end":{"line":3,"column":1188}},{"start":{},"end":{}}],"line":3},"10":{"loc":{"start":{"line":3,"column":923},"end":{"line":3,"column":990}},"type":"binary-expr","locations":[{"start":{"line":3,"column":923},"end":{"line":3,"column":940}},{"start":{"line":3,"column":944},"end":{"line":3,"column":990}}],"line":3},"11":{"loc":{"start":{"line":3,"column":1004},"end":{"line":3,"column":1076}},"type":"cond-expr","locations":[{"start":{"line":3,"column":1028},"end":{"line":3,"column":1069}},{"start":{"line":3,"column":1072},"end":{"line":3,"column":1076}}],"line":3},"12":{"loc":{"start":{"line":3,"column":1077},"end":{"line":3,"column":1187}},"type":"if","locations":[{"start":{"line":3,"column":1077},"end":{"line":3,"column":1187}},{"start":{"line":3,"column":1162},"end":{"line":3,"column":1187}}],"line":3},"13":{"loc":{"start":{"line":3,"column":1081},"end":{"line":3,"column":1111}},"type":"binary-expr","locations":[{"start":{"line":3,"column":1081},"end":{"line":3,"column":1085}},{"start":{"line":3,"column":1090},"end":{"line":3,"column":1098}},{"start":{"line":3,"column":1102},"end":{"line":3,"column":1110}}],"line":3},"14":{"loc":{"start":{"line":3,"column":1213},"end":{"line":3,"column":1249}},"type":"if","locations":[{"start":{"line":3,"column":1213},"end":{"line":3,"column":1249}},{"start":{},"end":{}}],"line":3}},"s":{"0":1,"1":1,"2":1,"3":1,"4":1,"5":1,"6":1,"7":1,"8":1,"9":1,"10":1,"11":0,"12":1,"13":1,"14":1,"15":1,"16":1,"17":0,"18":1,"19":0,"20":1,"21":1,"22":0,"23":1,"24":1,"25":1,"26":28,"27":28,"28":28,"29":0,"30":28,"31":1,"32":1,"33":1,"34":1,"35":1,"36":3,"37":2,"38":2,"39":2,"40":2,"41":2,"42":2,"43":2,"44":2,"45":2,"46":2,"47":2,"48":2,"49":2,"50":2,"51":2,"52":2,"53":0,"54":0,"55":0,"56":0,"57":0,"58":1,"59":1,"60":1},"f":{"0":1,"1":1,"2":1,"3":3,"4":0,"5":0,"6":0,"7":0,"8":0},"b":{"0":[0,1],"1":[0,1],"2":[0,1],"3":[1,1,1],"4":[0,1],"5":[1,1,0],"6":[0,1],"7":[1,1],"8":[1,1],"9":[28,0],"10":[28,28],"11":[28,0],"12":[0,28],"13":[28,28,28],"14":[1,0]},"inputSourceMap":null,"_coverageSchema":"1a1c01bbd47fc00a2c39e90264f33305004495a9","hash":"cead74d766428a37c3cd1815737ea08a9bb1b911"}
}
