TN:
SF:src/context/AuthContext.js
FN:4,authReducer
FN:19,signup
FN:20,(anonymous_2)
FN:27,(anonymous_3)
FN:30,(anonymous_4)
FN:36,(anonymous_5)
FN:36,_callee
FN:36,_callee$
FN:41,(anonymous_8)
FN:45,(anonymous_9)
FN:49,signin
FN:50,(anonymous_11)
FN:56,(anonymous_12)
FN:56,_callee2
FN:56,_callee2$
FN:61,(anonymous_15)
FN:65,(anonymous_16)
FN:69,signout
FN:70,(anonymous_18)
FNF:19
FNH:3
FNDA:0,authReducer
FNDA:3,signup
FNDA:0,(anonymous_2)
FNDA:0,(anonymous_3)
FNDA:0,(anonymous_4)
FNDA:0,(anonymous_5)
FNDA:0,_callee
FNDA:0,_callee$
FNDA:0,(anonymous_8)
FNDA:0,(anonymous_9)
FNDA:3,signin
FNDA:0,(anonymous_11)
FNDA:0,(anonymous_12)
FNDA:0,_callee2
FNDA:0,_callee2$
FNDA:0,(anonymous_15)
FNDA:0,(anonymous_16)
FNDA:3,signout
FNDA:0,(anonymous_18)
DA:1,1
DA:2,1
DA:4,1
DA:5,0
DA:7,0
DA:10,0
DA:15,0
DA:19,1
DA:20,3
DA:21,0
DA:28,0
DA:30,0
DA:31,0
DA:36,0
DA:37,0
DA:41,0
DA:45,0
DA:49,1
DA:50,3
DA:51,0
DA:56,0
DA:57,0
DA:61,0
DA:65,0
DA:69,1
DA:70,3
DA:71,0
DA:75,1
DA:78,1
LF:29
LH:11
BRDA:5,0,0,0
BRDA:5,0,1,0
BRDA:5,0,2,0
BRDA:5,0,3,0
BRDA:36,1,0,0
BRDA:36,1,1,0
BRDA:36,1,2,0
BRDA:56,2,0,0
BRDA:56,2,1,0
BRDA:56,2,2,0
BRF:10
BRH:0
end_of_record
TN:
SF:src/context/createDataContext.js
FN:1,_getRequireWildcardCache
FN:1,_getRequireWildcardCache
FN:1,_interopRequireWildcard
FN:1,ownKeys
FN:1,(anonymous_4)
FN:1,_objectSpread
FN:1,(anonymous_6)
FN:1,(anonymous_7)
FN:3,_default
FN:6,Provider
FNF:10
FNH:8
FNDA:1,_getRequireWildcardCache
FNDA:1,_getRequireWildcardCache
FNDA:1,_interopRequireWildcard
FNDA:3,ownKeys
FNDA:0,(anonymous_4)
FNDA:3,_objectSpread
FNDA:9,(anonymous_6)
FNDA:0,(anonymous_7)
FNDA:1,_default
FNDA:4,Provider
DA:1,28
DA:3,1
DA:4,1
DA:6,4
DA:7,3
DA:9,3
DA:11,3
DA:12,9
DA:15,3
DA:22,1
DA:23,1
LF:11
LH:11
BRDA:1,0,0,0
BRDA:1,0,1,1
BRDA:1,1,0,0
BRDA:1,1,1,1
BRDA:1,2,0,0
BRDA:1,2,1,1
BRDA:1,3,0,1
BRDA:1,3,1,1
BRDA:1,3,2,1
BRDA:1,4,0,0
BRDA:1,4,1,1
BRDA:1,5,0,1
BRDA:1,5,1,1
BRDA:1,5,2,0
BRDA:1,6,0,0
BRDA:1,6,1,1
BRDA:1,7,0,1
BRDA:1,7,1,1
BRDA:1,8,0,1
BRDA:1,8,1,1
BRDA:1,9,0,28
BRDA:1,9,1,0
BRDA:1,10,0,28
BRDA:1,10,1,28
BRDA:1,11,0,28
BRDA:1,11,1,0
BRDA:1,12,0,0
BRDA:1,12,1,28
BRDA:1,13,0,28
BRDA:1,13,1,28
BRDA:1,13,2,28
BRDA:1,14,0,1
BRDA:1,14,1,0
BRDA:1,15,0,3
BRDA:1,15,1,0
BRDA:1,16,0,3
BRDA:1,16,1,3
BRDA:1,17,0,3
BRDA:1,17,1,0
BRDA:1,18,0,3
BRDA:1,18,1,0
BRDA:1,19,0,0
BRDA:1,19,1,0
BRF:43
BRH:28
end_of_record
TN:
SF:src/pages/SignupScreen.js
FN:3,_getRequireWildcardCache
FN:3,_getRequireWildcardCache
FN:3,_interopRequireWildcard
FN:5,SignupScreen
FN:18,onChange
FN:25,onChange
FN:33,onChange
FN:37,onPress
FN:40,onPress
FNF:9
FNH:4
FNDA:1,_getRequireWildcardCache
FNDA:1,_getRequireWildcardCache
FNDA:1,_interopRequireWildcard
FNDA:3,SignupScreen
FNDA:0,onChange
FNDA:0,onChange
FNDA:0,onChange
FNDA:0,onPress
FNDA:0,onPress
DA:1,1
DA:2,1
DA:3,28
DA:5,3
DA:6,2
DA:7,2
DA:8,2
DA:9,2
DA:11,2
DA:18,0
DA:25,0
DA:33,0
DA:37,0
DA:40,0
DA:47,1
DA:66,1
LF:16
LH:11
BRDA:3,0,0,0
BRDA:3,0,1,1
BRDA:3,1,0,0
BRDA:3,1,1,1
BRDA:3,2,0,0
BRDA:3,2,1,1
BRDA:3,3,0,1
BRDA:3,3,1,1
BRDA:3,3,2,1
BRDA:3,4,0,0
BRDA:3,4,1,1
BRDA:3,5,0,1
BRDA:3,5,1,1
BRDA:3,5,2,0
BRDA:3,6,0,0
BRDA:3,6,1,1
BRDA:3,7,0,1
BRDA:3,7,1,1
BRDA:3,8,0,1
BRDA:3,8,1,1
BRDA:3,9,0,28
BRDA:3,9,1,0
BRDA:3,10,0,28
BRDA:3,10,1,28
BRDA:3,11,0,28
BRDA:3,11,1,0
BRDA:3,12,0,0
BRDA:3,12,1,28
BRDA:3,13,0,28
BRDA:3,13,1,28
BRDA:3,13,2,28
BRDA:3,14,0,1
BRDA:3,14,1,0
BRF:33
BRH:23
end_of_record
