{"/home/ben/gitProjects/scramble/app/app.js": {"path":"/home/ben/gitProjects/scramble/app/app.js","statementMap":{"0":{"start":{"line":1,"column":18},"end":{"line":1,"column":40}},"1":{"start":{"line":2,"column":14},"end":{"line":2,"column":32}},"2":{"start":{"line":3,"column":11},"end":{"line":3,"column":26}},"3":{"start":{"line":4,"column":19},"end":{"line":4,"column":43}},"4":{"start":{"line":5,"column":13},"end":{"line":5,"column":30}},"5":{"start":{"line":6,"column":18},"end":{"line":6,"column":43}},"6":{"start":{"line":7,"column":18},"end":{"line":7,"column":43}},"7":{"start":{"line":9,"column":10},"end":{"line":9,"column":19}},"8":{"start":{"line":12,"column":0},"end":{"line":12,"column":48}},"9":{"start":{"line":13,"column":0},"end":{"line":13,"column":30}},"10":{"start":{"line":15,"column":0},"end":{"line":15,"column":23}},"11":{"start":{"line":16,"column":0},"end":{"line":16,"column":24}},"12":{"start":{"line":17,"column":0},"end":{"line":17,"column":49}},"13":{"start":{"line":18,"column":0},"end":{"line":18,"column":24}},"14":{"start":{"line":19,"column":0},"end":{"line":19,"column":56}},"15":{"start":{"line":21,"column":0},"end":{"line":21,"column":26}},"16":{"start":{"line":22,"column":0},"end":{"line":22,"column":31}},"17":{"start":{"line":25,"column":0},"end":{"line":27,"column":3}},"18":{"start":{"line":26,"column":2},"end":{"line":26,"column":25}},"19":{"start":{"line":30,"column":0},"end":{"line":38,"column":3}},"20":{"start":{"line":32,"column":2},"end":{"line":32,"column":35}},"21":{"start":{"line":33,"column":2},"end":{"line":33,"column":69}},"22":{"start":{"line":36,"column":2},"end":{"line":36,"column":32}},"23":{"start":{"line":37,"column":2},"end":{"line":37,"column":22}},"24":{"start":{"line":40,"column":0},"end":{"line":40,"column":21}}},"fnMap":{"0":{"name":"(anonymous_0)","decl":{"start":{"line":25,"column":8},"end":{"line":25,"column":9}},"loc":{"start":{"line":25,"column":33},"end":{"line":27,"column":1}},"line":25},"1":{"name":"(anonymous_1)","decl":{"start":{"line":30,"column":8},"end":{"line":30,"column":9}},"loc":{"start":{"line":30,"column":38},"end":{"line":38,"column":1}},"line":30}},"branchMap":{"0":{"loc":{"start":{"line":33,"column":21},"end":{"line":33,"column":68}},"type":"cond-expr","locations":[{"start":{"line":33,"column":60},"end":{"line":33,"column":63}},{"start":{"line":33,"column":66},"end":{"line":33,"column":68}}],"line":33},"1":{"loc":{"start":{"line":36,"column":13},"end":{"line":36,"column":30}},"type":"binary-expr","locations":[{"start":{"line":36,"column":13},"end":{"line":36,"column":23}},{"start":{"line":36,"column":27},"end":{"line":36,"column":30}}],"line":36}},"s":{"0":1,"1":1,"2":1,"3":1,"4":1,"5":1,"6":1,"7":1,"8":1,"9":1,"10":1,"11":1,"12":1,"13":1,"14":1,"15":1,"16":1,"17":1,"18":0,"19":1,"20":0,"21":0,"22":0,"23":0,"24":1},"f":{"0":0,"1":0},"b":{"0":[0,0],"1":[0,0]},"_coverageSchema":"1a1c01bbd47fc00a2c39e90264f33305004495a9","hash":"956df491d905a66d11a178527253992d32d1afd7"}
,"/home/ben/gitProjects/scramble/app/bin/www": {"path":"/home/ben/gitProjects/scramble/app/bin/www","statementMap":{"0":{"start":{"line":2,"column":10},"end":{"line":2,"column":27}},"1":{"start":{"line":3,"column":12},"end":{"line":3,"column":42}},"2":{"start":{"line":4,"column":11},"end":{"line":4,"column":26}},"3":{"start":{"line":5,"column":17},"end":{"line":5,"column":36}},"4":{"start":{"line":11,"column":13},"end":{"line":11,"column":58}},"5":{"start":{"line":15,"column":14},"end":{"line":15,"column":128}},"6":{"start":{"line":17,"column":2},"end":{"line":22,"column":3}},"7":{"start":{"line":18,"column":6},"end":{"line":18,"column":33}},"8":{"start":{"line":21,"column":6},"end":{"line":21,"column":23}},"9":{"start":{"line":25,"column":0},"end":{"line":25,"column":28}},"10":{"start":{"line":31,"column":13},"end":{"line":31,"column":35}},"11":{"start":{"line":37,"column":0},"end":{"line":37,"column":20}},"12":{"start":{"line":38,"column":0},"end":{"line":38,"column":28}},"13":{"start":{"line":39,"column":0},"end":{"line":39,"column":36}},"14":{"start":{"line":46,"column":13},"end":{"line":46,"column":30}},"15":{"start":{"line":48,"column":2},"end":{"line":51,"column":3}},"16":{"start":{"line":50,"column":4},"end":{"line":50,"column":15}},"17":{"start":{"line":53,"column":2},"end":{"line":56,"column":3}},"18":{"start":{"line":55,"column":4},"end":{"line":55,"column":16}},"19":{"start":{"line":58,"column":2},"end":{"line":58,"column":15}},"20":{"start":{"line":66,"column":2},"end":{"line":68,"column":3}},"21":{"start":{"line":67,"column":4},"end":{"line":67,"column":16}},"22":{"start":{"line":70,"column":13},"end":{"line":72,"column":20}},"23":{"start":{"line":75,"column":2},"end":{"line":86,"column":3}},"24":{"start":{"line":77,"column":6},"end":{"line":77,"column":60}},"25":{"start":{"line":78,"column":6},"end":{"line":78,"column":22}},"26":{"start":{"line":79,"column":6},"end":{"line":79,"column":12}},"27":{"start":{"line":81,"column":6},"end":{"line":81,"column":49}},"28":{"start":{"line":82,"column":6},"end":{"line":82,"column":22}},"29":{"start":{"line":83,"column":6},"end":{"line":83,"column":12}},"30":{"start":{"line":85,"column":6},"end":{"line":85,"column":18}},"31":{"start":{"line":94,"column":13},"end":{"line":94,"column":29}},"32":{"start":{"line":95,"column":13},"end":{"line":97,"column":25}},"33":{"start":{"line":98,"column":2},"end":{"line":98,"column":32}},"34":{"start":{"line":101,"column":0},"end":{"line":101,"column":23}}},"fnMap":{"0":{"name":"main","decl":{"start":{"line":13,"column":15},"end":{"line":13,"column":19}},"loc":{"start":{"line":13,"column":21},"end":{"line":23,"column":1}},"line":13},"1":{"name":"normalizePort","decl":{"start":{"line":45,"column":9},"end":{"line":45,"column":22}},"loc":{"start":{"line":45,"column":28},"end":{"line":59,"column":1}},"line":45},"2":{"name":"onError","decl":{"start":{"line":65,"column":9},"end":{"line":65,"column":16}},"loc":{"start":{"line":65,"column":24},"end":{"line":87,"column":1}},"line":65},"3":{"name":"onListening","decl":{"start":{"line":93,"column":9},"end":{"line":93,"column":20}},"loc":{"start":{"line":93,"column":23},"end":{"line":99,"column":1}},"line":93}},"branchMap":{"0":{"loc":{"start":{"line":11,"column":13},"end":{"line":11,"column":58}},"type":"cond-expr","locations":[{"start":{"line":11,"column":47},"end":{"line":11,"column":51}},{"start":{"line":11,"column":54},"end":{"line":11,"column":58}}],"line":11},"1":{"loc":{"start":{"line":15,"column":14},"end":{"line":15,"column":128}},"type":"cond-expr","locations":[{"start":{"line":15,"column":48},"end":{"line":15,"column":89}},{"start":{"line":15,"column":92},"end":{"line":15,"column":128}}],"line":15},"2":{"loc":{"start":{"line":48,"column":2},"end":{"line":51,"column":3}},"type":"if","locations":[{"start":{"line":48,"column":2},"end":{"line":51,"column":3}},{"start":{},"end":{}}],"line":48},"3":{"loc":{"start":{"line":53,"column":2},"end":{"line":56,"column":3}},"type":"if","locations":[{"start":{"line":53,"column":2},"end":{"line":56,"column":3}},{"start":{},"end":{}}],"line":53},"4":{"loc":{"start":{"line":66,"column":2},"end":{"line":68,"column":3}},"type":"if","locations":[{"start":{"line":66,"column":2},"end":{"line":68,"column":3}},{"start":{},"end":{}}],"line":66},"5":{"loc":{"start":{"line":70,"column":13},"end":{"line":72,"column":20}},"type":"cond-expr","locations":[{"start":{"line":71,"column":6},"end":{"line":71,"column":20}},{"start":{"line":72,"column":6},"end":{"line":72,"column":20}}],"line":70},"6":{"loc":{"start":{"line":75,"column":2},"end":{"line":86,"column":3}},"type":"switch","locations":[{"start":{"line":76,"column":4},"end":{"line":79,"column":12}},{"start":{"line":80,"column":4},"end":{"line":83,"column":12}},{"start":{"line":84,"column":4},"end":{"line":85,"column":18}}],"line":75},"7":{"loc":{"start":{"line":95,"column":13},"end":{"line":97,"column":25}},"type":"cond-expr","locations":[{"start":{"line":96,"column":6},"end":{"line":96,"column":20}},{"start":{"line":97,"column":6},"end":{"line":97,"column":25}}],"line":95}},"s":{"0":1,"1":1,"2":1,"3":1,"4":1,"5":1,"6":1,"7":1,"8":0,"9":1,"10":1,"11":1,"12":1,"13":1,"14":0,"15":0,"16":0,"17":0,"18":0,"19":0,"20":0,"21":0,"22":0,"23":0,"24":0,"25":0,"26":0,"27":0,"28":0,"29":0,"30":0,"31":1,"32":1,"33":1,"34":1},"f":{"0":1,"1":0,"2":0,"3":1},"b":{"0":[1,0],"1":[1,0],"2":[0,0],"3":[0,0],"4":[0,0],"5":[0,0],"6":[0,0,0],"7":[0,1]},"inputSourceMap":null,"_coverageSchema":"1a1c01bbd47fc00a2c39e90264f33305004495a9","hash":"c7daf289ea0dc49ae303eea2cc4fcd80efe79820"}
,"/home/ben/gitProjects/scramble/app/models/user.js": {"path":"/home/ben/gitProjects/scramble/app/models/user.js","statementMap":{"0":{"start":{"line":1,"column":17},"end":{"line":1,"column":36}},"1":{"start":{"line":3,"column":19},"end":{"line":16,"column":2}},"2":{"start":{"line":18,"column":0},"end":{"line":18,"column":51}}},"fnMap":{},"branchMap":{},"s":{"0":1,"1":1,"2":1},"f":{},"b":{},"_coverageSchema":"1a1c01bbd47fc00a2c39e90264f33305004495a9","hash":"1ef15f690880ff6245a4fbcaece7dc0dc1d96571"}
,"/home/ben/gitProjects/scramble/app/routes/index.js": {"path":"/home/ben/gitProjects/scramble/app/routes/index.js","statementMap":{"0":{"start":{"line":1,"column":14},"end":{"line":1,"column":32}},"1":{"start":{"line":2,"column":13},"end":{"line":2,"column":29}},"2":{"start":{"line":5,"column":0},"end":{"line":7,"column":3}},"3":{"start":{"line":6,"column":2},"end":{"line":6,"column":44}},"4":{"start":{"line":9,"column":0},"end":{"line":9,"column":24}}},"fnMap":{"0":{"name":"(anonymous_0)","decl":{"start":{"line":5,"column":16},"end":{"line":5,"column":17}},"loc":{"start":{"line":5,"column":41},"end":{"line":7,"column":1}},"line":5}},"branchMap":{},"s":{"0":1,"1":1,"2":1,"3":0,"4":1},"f":{"0":0},"b":{},"_coverageSchema":"1a1c01bbd47fc00a2c39e90264f33305004495a9","hash":"08282034702f97878894a231d224cae03f9d4375"}
,"/home/ben/gitProjects/scramble/app/routes/users.js": {"path":"/home/ben/gitProjects/scramble/app/routes/users.js","statementMap":{"0":{"start":{"line":1,"column":16},"end":{"line":1,"column":34}},"1":{"start":{"line":2,"column":13},"end":{"line":2,"column":38}},"2":{"start":{"line":3,"column":15},"end":{"line":3,"column":31}},"3":{"start":{"line":4,"column":13},"end":{"line":4,"column":38}},"4":{"start":{"line":7,"column":0},"end":{"line":14,"column":3}},"5":{"start":{"line":8,"column":2},"end":{"line":13,"column":3}},"6":{"start":{"line":9,"column":16},"end":{"line":9,"column":33}},"7":{"start":{"line":10,"column":4},"end":{"line":10,"column":19}},"8":{"start":{"line":12,"column":4},"end":{"line":12,"column":48}},"9":{"start":{"line":17,"column":0},"end":{"line":19,"column":3}},"10":{"start":{"line":18,"column":2},"end":{"line":18,"column":20}},"11":{"start":{"line":22,"column":0},"end":{"line":35,"column":3}},"12":{"start":{"line":23,"column":15},"end":{"line":27,"column":4}},"13":{"start":{"line":29,"column":2},"end":{"line":34,"column":3}},"14":{"start":{"line":30,"column":20},"end":{"line":30,"column":37}},"15":{"start":{"line":31,"column":4},"end":{"line":31,"column":33}},"16":{"start":{"line":33,"column":4},"end":{"line":33,"column":50}},"17":{"start":{"line":38,"column":0},"end":{"line":45,"column":3}},"18":{"start":{"line":39,"column":2},"end":{"line":44,"column":3}},"19":{"start":{"line":40,"column":4},"end":{"line":40,"column":27}},"20":{"start":{"line":41,"column":4},"end":{"line":41,"column":59}},"21":{"start":{"line":43,"column":4},"end":{"line":43,"column":50}},"22":{"start":{"line":49,"column":2},"end":{"line":56,"column":3}},"23":{"start":{"line":50,"column":4},"end":{"line":50,"column":45}},"24":{"start":{"line":51,"column":4},"end":{"line":53,"column":5}},"25":{"start":{"line":52,"column":6},"end":{"line":52,"column":66}},"26":{"start":{"line":55,"column":4},"end":{"line":55,"column":57}},"27":{"start":{"line":57,"column":2},"end":{"line":57,"column":17}},"28":{"start":{"line":58,"column":2},"end":{"line":58,"column":8}},"29":{"start":{"line":61,"column":0},"end":{"line":61,"column":24}}},"fnMap":{"0":{"name":"(anonymous_0)","decl":{"start":{"line":7,"column":16},"end":{"line":7,"column":17}},"loc":{"start":{"line":7,"column":36},"end":{"line":14,"column":1}},"line":7},"1":{"name":"(anonymous_1)","decl":{"start":{"line":17,"column":28},"end":{"line":17,"column":29}},"loc":{"start":{"line":17,"column":42},"end":{"line":19,"column":1}},"line":17},"2":{"name":"(anonymous_2)","decl":{"start":{"line":22,"column":17},"end":{"line":22,"column":18}},"loc":{"start":{"line":22,"column":37},"end":{"line":35,"column":1}},"line":22},"3":{"name":"(anonymous_3)","decl":{"start":{"line":38,"column":31},"end":{"line":38,"column":32}},"loc":{"start":{"line":38,"column":51},"end":{"line":45,"column":1}},"line":38},"4":{"name":"getUser","decl":{"start":{"line":47,"column":15},"end":{"line":47,"column":22}},"loc":{"start":{"line":47,"column":39},"end":{"line":59,"column":1}},"line":47}},"branchMap":{"0":{"loc":{"start":{"line":51,"column":4},"end":{"line":53,"column":5}},"type":"if","locations":[{"start":{"line":51,"column":4},"end":{"line":53,"column":5}},{"start":{},"end":{}}],"line":51}},"s":{"0":1,"1":1,"2":1,"3":1,"4":1,"5":1,"6":1,"7":1,"8":0,"9":1,"10":1,"11":1,"12":4,"13":4,"14":4,"15":3,"16":1,"17":1,"18":1,"19":1,"20":1,"21":0,"22":3,"23":3,"24":2,"25":0,"26":1,"27":2,"28":2,"29":1},"f":{"0":1,"1":1,"2":4,"3":1,"4":3},"b":{"0":[0,2]},"_coverageSchema":"1a1c01bbd47fc00a2c39e90264f33305004495a9","hash":"b93d0449319473f3ef7535cb125efe5aac8d4b28"}
}
