{"/home/ben/gitProjects/scramble/app/app.js": {"path":"/home/ben/gitProjects/scramble/app/app.js","statementMap":{"0":{"start":{"line":1,"column":18},"end":{"line":1,"column":40}},"1":{"start":{"line":2,"column":14},"end":{"line":2,"column":32}},"2":{"start":{"line":3,"column":11},"end":{"line":3,"column":26}},"3":{"start":{"line":4,"column":19},"end":{"line":4,"column":43}},"4":{"start":{"line":5,"column":13},"end":{"line":5,"column":30}},"5":{"start":{"line":6,"column":18},"end":{"line":6,"column":43}},"6":{"start":{"line":7,"column":18},"end":{"line":7,"column":43}},"7":{"start":{"line":9,"column":10},"end":{"line":9,"column":19}},"8":{"start":{"line":12,"column":0},"end":{"line":12,"column":48}},"9":{"start":{"line":13,"column":0},"end":{"line":13,"column":30}},"10":{"start":{"line":15,"column":0},"end":{"line":15,"column":23}},"11":{"start":{"line":16,"column":0},"end":{"line":16,"column":24}},"12":{"start":{"line":17,"column":0},"end":{"line":17,"column":49}},"13":{"start":{"line":18,"column":0},"end":{"line":18,"column":24}},"14":{"start":{"line":19,"column":0},"end":{"line":19,"column":56}},"15":{"start":{"line":21,"column":0},"end":{"line":21,"column":26}},"16":{"start":{"line":22,"column":0},"end":{"line":22,"column":31}},"17":{"start":{"line":24,"column":0},"end":{"line":24,"column":21}}},"fnMap":{},"branchMap":{},"s":{"0":1,"1":1,"2":1,"3":1,"4":1,"5":1,"6":1,"7":1,"8":1,"9":1,"10":1,"11":1,"12":1,"13":1,"14":1,"15":1,"16":1,"17":1},"f":{},"b":{},"_coverageSchema":"1a1c01bbd47fc00a2c39e90264f33305004495a9","hash":"ebde058bcbdf128a3e230f642ad909cf38abb195"}
,"/home/ben/gitProjects/scramble/app/bin/www": {"path":"/home/ben/gitProjects/scramble/app/bin/www","statementMap":{"0":{"start":{"line":2,"column":10},"end":{"line":2,"column":27}},"1":{"start":{"line":3,"column":12},"end":{"line":3,"column":42}},"2":{"start":{"line":4,"column":11},"end":{"line":4,"column":26}},"3":{"start":{"line":5,"column":17},"end":{"line":5,"column":36}},"4":{"start":{"line":11,"column":13},"end":{"line":11,"column":58}},"5":{"start":{"line":15,"column":14},"end":{"line":15,"column":128}},"6":{"start":{"line":17,"column":2},"end":{"line":22,"column":3}},"7":{"start":{"line":18,"column":6},"end":{"line":18,"column":33}},"8":{"start":{"line":21,"column":6},"end":{"line":21,"column":23}},"9":{"start":{"line":25,"column":0},"end":{"line":25,"column":28}},"10":{"start":{"line":31,"column":13},"end":{"line":31,"column":35}},"11":{"start":{"line":37,"column":0},"end":{"line":37,"column":20}},"12":{"start":{"line":38,"column":0},"end":{"line":38,"column":28}},"13":{"start":{"line":39,"column":0},"end":{"line":39,"column":36}},"14":{"start":{"line":46,"column":2},"end":{"line":48,"column":3}},"15":{"start":{"line":47,"column":4},"end":{"line":47,"column":16}},"16":{"start":{"line":56,"column":13},"end":{"line":56,"column":29}},"17":{"start":{"line":57,"column":13},"end":{"line":59,"column":25}},"18":{"start":{"line":60,"column":2},"end":{"line":60,"column":32}},"19":{"start":{"line":63,"column":0},"end":{"line":63,"column":23}}},"fnMap":{"0":{"name":"main","decl":{"start":{"line":13,"column":15},"end":{"line":13,"column":19}},"loc":{"start":{"line":13,"column":21},"end":{"line":23,"column":1}},"line":13},"1":{"name":"onError","decl":{"start":{"line":45,"column":9},"end":{"line":45,"column":16}},"loc":{"start":{"line":45,"column":24},"end":{"line":49,"column":1}},"line":45},"2":{"name":"onListening","decl":{"start":{"line":55,"column":9},"end":{"line":55,"column":20}},"loc":{"start":{"line":55,"column":23},"end":{"line":61,"column":1}},"line":55}},"branchMap":{"0":{"loc":{"start":{"line":11,"column":13},"end":{"line":11,"column":58}},"type":"cond-expr","locations":[{"start":{"line":11,"column":47},"end":{"line":11,"column":51}},{"start":{"line":11,"column":54},"end":{"line":11,"column":58}}],"line":11},"1":{"loc":{"start":{"line":15,"column":14},"end":{"line":15,"column":128}},"type":"cond-expr","locations":[{"start":{"line":15,"column":48},"end":{"line":15,"column":89}},{"start":{"line":15,"column":92},"end":{"line":15,"column":128}}],"line":15},"2":{"loc":{"start":{"line":46,"column":2},"end":{"line":48,"column":3}},"type":"if","locations":[{"start":{"line":46,"column":2},"end":{"line":48,"column":3}},{"start":{},"end":{}}],"line":46},"3":{"loc":{"start":{"line":57,"column":13},"end":{"line":59,"column":25}},"type":"cond-expr","locations":[{"start":{"line":58,"column":6},"end":{"line":58,"column":20}},{"start":{"line":59,"column":6},"end":{"line":59,"column":25}}],"line":57}},"s":{"0":1,"1":1,"2":1,"3":1,"4":1,"5":1,"6":1,"7":1,"8":0,"9":1,"10":1,"11":1,"12":1,"13":1,"14":0,"15":0,"16":1,"17":1,"18":1,"19":1},"f":{"0":1,"1":0,"2":1},"b":{"0":[1,0],"1":[1,0],"2":[0,0],"3":[0,1]},"inputSourceMap":null,"_coverageSchema":"1a1c01bbd47fc00a2c39e90264f33305004495a9","hash":"c46bd3d0ef138146e6460702cb1cd77a86ee1d58"}
,"/home/ben/gitProjects/scramble/app/models/user.js": {"path":"/home/ben/gitProjects/scramble/app/models/user.js","statementMap":{"0":{"start":{"line":1,"column":17},"end":{"line":1,"column":36}},"1":{"start":{"line":3,"column":19},"end":{"line":16,"column":2}},"2":{"start":{"line":18,"column":0},"end":{"line":18,"column":51}}},"fnMap":{},"branchMap":{},"s":{"0":2,"1":2,"2":2},"f":{},"b":{},"_coverageSchema":"1a1c01bbd47fc00a2c39e90264f33305004495a9","hash":"1ef15f690880ff6245a4fbcaece7dc0dc1d96571"}
,"/home/ben/gitProjects/scramble/app/routes/index.js": {"path":"/home/ben/gitProjects/scramble/app/routes/index.js","statementMap":{"0":{"start":{"line":1,"column":14},"end":{"line":1,"column":32}},"1":{"start":{"line":2,"column":13},"end":{"line":2,"column":29}},"2":{"start":{"line":5,"column":0},"end":{"line":7,"column":3}},"3":{"start":{"line":9,"column":0},"end":{"line":9,"column":24}}},"fnMap":{"0":{"name":"(anonymous_0)","decl":{"start":{"line":5,"column":16},"end":{"line":5,"column":17}},"loc":{"start":{"line":5,"column":41},"end":{"line":7,"column":1}},"line":5}},"branchMap":{},"s":{"0":1,"1":1,"2":1,"3":1},"f":{"0":0},"b":{},"_coverageSchema":"1a1c01bbd47fc00a2c39e90264f33305004495a9","hash":"b22c730487b60dcf15f18855a2c309c88fdae658"}
,"/home/ben/gitProjects/scramble/app/routes/users.js": {"path":"/home/ben/gitProjects/scramble/app/routes/users.js","statementMap":{"0":{"start":{"line":1,"column":16},"end":{"line":1,"column":34}},"1":{"start":{"line":2,"column":13},"end":{"line":2,"column":38}},"2":{"start":{"line":3,"column":15},"end":{"line":3,"column":31}},"3":{"start":{"line":4,"column":13},"end":{"line":4,"column":38}},"4":{"start":{"line":7,"column":0},"end":{"line":14,"column":3}},"5":{"start":{"line":8,"column":2},"end":{"line":13,"column":3}},"6":{"start":{"line":9,"column":16},"end":{"line":9,"column":33}},"7":{"start":{"line":10,"column":4},"end":{"line":10,"column":19}},"8":{"start":{"line":12,"column":4},"end":{"line":12,"column":48}},"9":{"start":{"line":17,"column":0},"end":{"line":19,"column":3}},"10":{"start":{"line":18,"column":2},"end":{"line":18,"column":20}},"11":{"start":{"line":22,"column":0},"end":{"line":35,"column":3}},"12":{"start":{"line":23,"column":15},"end":{"line":27,"column":4}},"13":{"start":{"line":29,"column":2},"end":{"line":34,"column":3}},"14":{"start":{"line":30,"column":20},"end":{"line":30,"column":37}},"15":{"start":{"line":31,"column":4},"end":{"line":31,"column":33}},"16":{"start":{"line":33,"column":4},"end":{"line":33,"column":50}},"17":{"start":{"line":38,"column":0},"end":{"line":45,"column":3}},"18":{"start":{"line":39,"column":2},"end":{"line":44,"column":3}},"19":{"start":{"line":40,"column":4},"end":{"line":40,"column":27}},"20":{"start":{"line":41,"column":4},"end":{"line":41,"column":59}},"21":{"start":{"line":43,"column":4},"end":{"line":43,"column":50}},"22":{"start":{"line":49,"column":2},"end":{"line":56,"column":3}},"23":{"start":{"line":50,"column":4},"end":{"line":50,"column":45}},"24":{"start":{"line":51,"column":4},"end":{"line":53,"column":5}},"25":{"start":{"line":52,"column":6},"end":{"line":52,"column":66}},"26":{"start":{"line":55,"column":4},"end":{"line":55,"column":57}},"27":{"start":{"line":57,"column":2},"end":{"line":57,"column":17}},"28":{"start":{"line":58,"column":2},"end":{"line":58,"column":8}},"29":{"start":{"line":61,"column":0},"end":{"line":61,"column":24}}},"fnMap":{"0":{"name":"(anonymous_0)","decl":{"start":{"line":7,"column":16},"end":{"line":7,"column":17}},"loc":{"start":{"line":7,"column":36},"end":{"line":14,"column":1}},"line":7},"1":{"name":"(anonymous_1)","decl":{"start":{"line":17,"column":28},"end":{"line":17,"column":29}},"loc":{"start":{"line":17,"column":42},"end":{"line":19,"column":1}},"line":17},"2":{"name":"(anonymous_2)","decl":{"start":{"line":22,"column":17},"end":{"line":22,"column":18}},"loc":{"start":{"line":22,"column":37},"end":{"line":35,"column":1}},"line":22},"3":{"name":"(anonymous_3)","decl":{"start":{"line":38,"column":31},"end":{"line":38,"column":32}},"loc":{"start":{"line":38,"column":51},"end":{"line":45,"column":1}},"line":38},"4":{"name":"getUser","decl":{"start":{"line":47,"column":15},"end":{"line":47,"column":22}},"loc":{"start":{"line":47,"column":39},"end":{"line":59,"column":1}},"line":47}},"branchMap":{"0":{"loc":{"start":{"line":51,"column":4},"end":{"line":53,"column":5}},"type":"if","locations":[{"start":{"line":51,"column":4},"end":{"line":53,"column":5}},{"start":{},"end":{}}],"line":51}},"s":{"0":1,"1":1,"2":1,"3":1,"4":1,"5":1,"6":1,"7":1,"8":0,"9":1,"10":1,"11":1,"12":4,"13":4,"14":4,"15":3,"16":1,"17":1,"18":1,"19":1,"20":1,"21":0,"22":3,"23":3,"24":2,"25":0,"26":1,"27":2,"28":2,"29":1},"f":{"0":1,"1":1,"2":4,"3":1,"4":3},"b":{"0":[0,2]},"_coverageSchema":"1a1c01bbd47fc00a2c39e90264f33305004495a9","hash":"b93d0449319473f3ef7535cb125efe5aac8d4b28"}
}
