TN:
SF:app.js
FNF:0
FNH:0
DA:1,2
DA:2,2
DA:3,2
DA:4,2
DA:5,2
DA:6,2
DA:7,2
DA:9,2
DA:12,2
DA:13,2
DA:15,2
DA:16,2
DA:17,2
DA:18,2
DA:19,2
DA:21,2
DA:22,2
DA:24,2
LF:18
LH:18
BRF:0
BRH:0
end_of_record
TN:
SF:bin/www
FN:13,main
FN:45,onError
FN:55,onListening
FNF:3
FNH:3
FNDA:2,main
FNDA:1,onError
FNDA:13,onListening
DA:2,2
DA:3,2
DA:4,2
DA:5,2
DA:11,2
DA:15,2
DA:17,2
DA:18,2
DA:21,0
DA:25,2
DA:31,2
DA:37,2
DA:38,2
DA:39,2
DA:46,1
DA:47,0
DA:56,13
DA:57,13
DA:60,13
DA:63,2
LF:20
LH:18
BRDA:11,0,0,2
BRDA:11,0,1,0
BRDA:15,1,0,2
BRDA:15,1,1,0
BRDA:46,2,0,0
BRDA:46,2,1,1
BRDA:57,3,0,0
BRDA:57,3,1,13
BRF:8
BRH:4
end_of_record
TN:
SF:models/user.js
FNF:0
FNH:0
DA:1,2
DA:3,2
DA:18,2
LF:3
LH:3
BRF:0
BRH:0
end_of_record
TN:
SF:routes/index.js
FN:5,(anonymous_0)
FNF:1
FNH:0
FNDA:0,(anonymous_0)
DA:1,2
DA:2,2
DA:5,2
DA:9,2
LF:4
LH:4
BRF:0
BRH:0
end_of_record
TN:
SF:routes/users.js
FN:7,(anonymous_0)
FN:17,(anonymous_1)
FN:22,(anonymous_2)
FN:35,(anonymous_3)
FN:51,(anonymous_4)
FN:60,getUser
FNF:6
FNH:6
FNDA:1,(anonymous_0)
FNDA:1,(anonymous_1)
FNDA:2,(anonymous_2)
FNDA:6,(anonymous_3)
FNDA:1,(anonymous_4)
FNDA:3,getUser
DA:1,2
DA:2,2
DA:3,2
DA:4,2
DA:7,2
DA:8,1
DA:9,1
DA:10,1
DA:12,0
DA:17,2
DA:18,1
DA:22,2
DA:23,2
DA:24,2
DA:25,2
DA:26,1
DA:28,1
DA:30,0
DA:35,2
DA:36,6
DA:42,6
DA:43,6
DA:44,5
DA:46,1
DA:51,2
DA:52,1
DA:53,1
DA:54,1
DA:56,0
DA:62,3
DA:63,3
DA:64,2
DA:65,0
DA:68,1
DA:70,2
DA:71,2
DA:74,2
LF:37
LH:33
BRDA:25,0,0,1
BRDA:25,0,1,1
BRDA:64,1,0,0
BRDA:64,1,1,2
BRF:4
BRH:3
end_of_record
