TN:
SF:app.js
FN:25,(anonymous_0)
FN:30,(anonymous_1)
FNF:2
FNH:0
FNDA:0,(anonymous_0)
FNDA:0,(anonymous_1)
DA:1,1
DA:2,1
DA:3,1
DA:4,1
DA:5,1
DA:6,1
DA:7,1
DA:9,1
DA:12,1
DA:13,1
DA:15,1
DA:16,1
DA:17,1
DA:18,1
DA:19,1
DA:21,1
DA:22,1
DA:25,1
DA:26,0
DA:30,1
DA:32,0
DA:33,0
DA:36,0
DA:37,0
DA:40,1
LF:25
LH:20
BRDA:33,0,0,0
BRDA:33,0,1,0
BRDA:36,1,0,0
BRDA:36,1,1,0
BRF:4
BRH:0
end_of_record
TN:
SF:bin/www
FN:13,main
FN:45,normalizePort
FN:65,onError
FN:93,onListening
FNF:4
FNH:2
FNDA:1,main
FNDA:0,normalizePort
FNDA:0,onError
FNDA:1,onListening
DA:2,1
DA:3,1
DA:4,1
DA:5,1
DA:11,1
DA:15,1
DA:17,1
DA:18,1
DA:21,0
DA:25,1
DA:31,1
DA:37,1
DA:38,1
DA:39,1
DA:46,0
DA:48,0
DA:50,0
DA:53,0
DA:55,0
DA:58,0
DA:66,0
DA:67,0
DA:70,0
DA:75,0
DA:77,0
DA:78,0
DA:79,0
DA:81,0
DA:82,0
DA:83,0
DA:85,0
DA:94,1
DA:95,1
DA:98,1
DA:101,1
LF:35
LH:17
BRDA:11,0,0,1
BRDA:11,0,1,0
BRDA:15,1,0,1
BRDA:15,1,1,0
BRDA:48,2,0,0
BRDA:48,2,1,0
BRDA:53,3,0,0
BRDA:53,3,1,0
BRDA:66,4,0,0
BRDA:66,4,1,0
BRDA:70,5,0,0
BRDA:70,5,1,0
BRDA:75,6,0,0
BRDA:75,6,1,0
BRDA:75,6,2,0
BRDA:95,7,0,0
BRDA:95,7,1,1
BRF:17
BRH:3
end_of_record
TN:
SF:models/user.js
FNF:0
FNH:0
DA:1,1
DA:3,1
DA:18,1
LF:3
LH:3
BRF:0
BRH:0
end_of_record
TN:
SF:routes/index.js
FN:5,(anonymous_0)
FNF:1
FNH:0
FNDA:0,(anonymous_0)
DA:1,1
DA:2,1
DA:5,1
DA:6,0
DA:9,1
LF:5
LH:4
BRF:0
BRH:0
end_of_record
TN:
SF:routes/users.js
FN:7,(anonymous_0)
FN:17,(anonymous_1)
FN:22,(anonymous_2)
FN:38,(anonymous_3)
FN:47,getUser
FNF:5
FNH:5
FNDA:1,(anonymous_0)
FNDA:1,(anonymous_1)
FNDA:4,(anonymous_2)
FNDA:1,(anonymous_3)
FNDA:3,getUser
DA:1,1
DA:2,1
DA:3,1
DA:4,1
DA:7,1
DA:8,1
DA:9,1
DA:10,1
DA:12,0
DA:17,1
DA:18,1
DA:22,1
DA:23,4
DA:29,4
DA:30,4
DA:31,3
DA:33,1
DA:38,1
DA:39,1
DA:40,1
DA:41,1
DA:43,0
DA:49,3
DA:50,3
DA:51,2
DA:52,0
DA:55,1
DA:57,2
DA:58,2
DA:61,1
LF:30
LH:27
BRDA:51,0,0,0
BRDA:51,0,1,2
BRF:2
BRH:1
end_of_record
